<?xml version="1.0" encoding="UTF-8"?>
<coverage generated="1686768132627" clover="3.2.0">
  <project timestamp="1686768132628" name="All files">
    <metrics statements="30" coveredstatements="16" conditionals="6" coveredconditionals="1" methods="8" coveredmethods="4" elements="44" coveredelements="21" complexity="0" loc="30" ncloc="30" packages="2" files="5" classes="5"/>
    <package name="img">
      <metrics statements="2" coveredstatements="2" conditionals="0" coveredconditionals="0" methods="0" coveredmethods="0"/>
      <file name="icons8-trash.svg" path="/Users/claudiapatriciarojassoto/Desktop/unit_test1/ToDo-List/src/img/icons8-trash.svg">
        <metrics statements="1" coveredstatements="1" conditionals="0" coveredconditionals="0" methods="0" coveredmethods="0"/>
        <line num="1" count="1" type="stmt"/>
      </file>
      <file name="menu-icon.svg" path="/Users/claudiapatriciarojassoto/Desktop/unit_test1/ToDo-List/src/img/menu-icon.svg">
        <metrics statements="1" coveredstatements="1" conditionals="0" coveredconditionals="0" methods="0" coveredmethods="0"/>
        <line num="1" count="1" type="stmt"/>
      </file>
    </package>
    <package name="modules">
      <metrics statements="28" coveredstatements="14" conditionals="6" coveredconditionals="1" methods="8" coveredmethods="4"/>
      <file name="Task.js" path="/Users/claudiapatriciarojassoto/Desktop/unit_test1/ToDo-List/src/modules/Task.js">
        <metrics statements="5" coveredstatements="2" conditionals="0" coveredconditionals="0" methods="2" coveredmethods="1"/>
        <line num="2" count="1" type="stmt"/>
        <line num="5" count="0" type="stmt"/>
        <line num="6" count="0" type="stmt"/>
        <line num="7" count="0" type="stmt"/>
        <line num="11" count="2" type="stmt"/>
      </file>
      <file name="completeTask.js" path="/Users/claudiapatriciarojassoto/Desktop/unit_test1/ToDo-List/src/modules/completeTask.js">
        <metrics statements="15" coveredstatements="4" conditionals="4" coveredconditionals="0" methods="4" coveredmethods="1"/>
        <line num="3" count="1" type="stmt"/>
        <line num="4" count="0" type="stmt"/>
        <line num="5" count="0" type="cond" truecount="0" falsecount="2"/>
        <line num="6" count="0" type="stmt"/>
        <line num="7" count="0" type="stmt"/>
        <line num="8" count="0" type="stmt"/>
        <line num="9" count="0" type="cond" truecount="0" falsecount="2"/>
        <line num="10" count="0" type="stmt"/>
        <line num="11" count="0" type="stmt"/>
        <line num="12" count="0" type="stmt"/>
        <line num="16" count="1" type="stmt"/>
        <line num="17" count="2" type="stmt"/>
        <line num="18" count="2" type="stmt"/>
        <line num="19" count="0" type="stmt"/>
        <line num="20" count="0" type="stmt"/>
      </file>
      <file name="displayTask.js" path="/Users/claudiapatriciarojassoto/Desktop/unit_test1/ToDo-List/src/modules/displayTask.js">
        <metrics statements="8" coveredstatements="8" conditionals="2" coveredconditionals="1" methods="2" coveredmethods="2"/>
        <line num="6" count="1" type="stmt"/>
        <line num="7" count="2" type="stmt"/>
        <line num="9" count="2" type="cond" truecount="1" falsecount="1"/>
        <line num="10" count="2" type="stmt"/>
        <line num="13" count="2" type="stmt"/>
        <line num="14" count="2" type="stmt"/>
        <line num="25" count="2" type="stmt"/>
        <line num="27" count="2" type="stmt"/>
      </file>
    </package>
  </project>
</coverage>
